0 info it worked if it ends with ok
1 verbose cli [ '/Users/gassertm/.nvm/versions/node/v4.2.4/bin/node',
1 verbose cli   '/Users/gassertm/.nvm/versions/node/v4.2.4/bin/npm',
1 verbose cli   'start' ]
2 info using npm@3.5.0
3 info using node@v4.2.4
4 verbose run-script [ 'prestart', 'start', 'poststart' ]
5 info lifecycle angular-quickstart@1.0.0~prestart: angular-quickstart@1.0.0
6 silly lifecycle angular-quickstart@1.0.0~prestart: no script for prestart, continuing
7 info lifecycle angular-quickstart@1.0.0~start: angular-quickstart@1.0.0
8 verbose lifecycle angular-quickstart@1.0.0~start: unsafe-perm in lifecycle true
9 verbose lifecycle angular-quickstart@1.0.0~start: PATH: /Users/gassertm/.nvm/versions/node/v4.2.4/lib/node_modules/npm/bin/node-gyp-bin:/Users/gassertm/personalProjects/the-draft/node_modules/.bin:/Users/gassertm/.sdkman/candidates/groovy/current/bin:/Users/gassertm/.sdkman/candidates/grails/current/bin:/Users/gassertm/.sdkman/candidates/gradle/current/bin:/Users/gassertm/.nvm/versions/node/v4.2.4/bin:/Users/gassertm/.rvm/gems/ruby-2.2.1/bin:/Users/gassertm/.rvm/gems/ruby-2.2.1@global/bin:/Users/gassertm/.rvm/rubies/ruby-2.2.1/bin:/Users/gassertm/.gvm/springboot/current/bin:/Users/gassertm/.gvm/lazybones/current/bin:/Users/gassertm/.gvm/jbossforge/current/bin:/Users/gassertm/.gvm/jbake/current/bin:/Users/gassertm/.gvm/groovyserv/current/bin:/Users/gassertm/.gvm/groovy/current/bin:/Users/gassertm/.gvm/griffon/current/bin:/Users/gassertm/.gvm/grails/current/bin:/Users/gassertm/.gvm/gradle/current/bin:/Users/gassertm/.gvm/glide/current/bin:/Users/gassertm/.gvm/gaiden/current/bin:/Users/gassertm/.gvm/crash/current/bin:/Users/gassertm/.gvm/asciidoctorj/current/bin:/usr/local/bin:/usr/bin:/bin:/usr/sbin:/sbin:/Users/gassertm/.rvm/bin:/Users/gassertm/.rvm/bin
10 verbose lifecycle angular-quickstart@1.0.0~start: CWD: /Users/gassertm/personalProjects/the-draft
11 silly lifecycle angular-quickstart@1.0.0~start: Args: [ '-c', 'tsc && concurrently "tsc -w" "lite-server" ' ]
12 silly lifecycle angular-quickstart@1.0.0~start: Returned: code: 2  signal: null
13 info lifecycle angular-quickstart@1.0.0~start: Failed to exec start script
14 verbose stack Error: angular-quickstart@1.0.0 start: `tsc && concurrently "tsc -w" "lite-server" `
14 verbose stack Exit status 2
14 verbose stack     at EventEmitter.<anonymous> (/Users/gassertm/.nvm/versions/node/v4.2.4/lib/node_modules/npm/lib/utils/lifecycle.js:232:16)
14 verbose stack     at emitTwo (events.js:87:13)
14 verbose stack     at EventEmitter.emit (events.js:172:7)
14 verbose stack     at ChildProcess.<anonymous> (/Users/gassertm/.nvm/versions/node/v4.2.4/lib/node_modules/npm/lib/utils/spawn.js:24:14)
14 verbose stack     at emitTwo (events.js:87:13)
14 verbose stack     at ChildProcess.emit (events.js:172:7)
14 verbose stack     at maybeClose (internal/child_process.js:818:16)
14 verbose stack     at Process.ChildProcess._handle.onexit (internal/child_process.js:211:5)
15 verbose pkgid angular-quickstart@1.0.0
16 verbose cwd /Users/gassertm/personalProjects/the-draft
17 error Darwin 14.5.0
18 error argv "/Users/gassertm/.nvm/versions/node/v4.2.4/bin/node" "/Users/gassertm/.nvm/versions/node/v4.2.4/bin/npm" "start"
19 error node v4.2.4
20 error npm  v3.5.0
21 error code ELIFECYCLE
22 error angular-quickstart@1.0.0 start: `tsc && concurrently "tsc -w" "lite-server" `
22 error Exit status 2
23 error Failed at the angular-quickstart@1.0.0 start script 'tsc && concurrently "tsc -w" "lite-server" '.
23 error Make sure you have the latest version of node.js and npm installed.
23 error If you do, this is most likely a problem with the angular-quickstart package,
23 error not with npm itself.
23 error Tell the author that this fails on your system:
23 error     tsc && concurrently "tsc -w" "lite-server"
23 error You can get their info via:
23 error     npm owner ls angular-quickstart
23 error There is likely additional logging output above.
24 verbose exit [ 1, true ]
